<?xml version="1.0" encoding="UTF-8"?>
<coverage generated="1667956918294" clover="3.2.0">
  <project timestamp="1667956918294" name="All files">
    <metrics statements="129" coveredstatements="121" conditionals="21" coveredconditionals="18" methods="51" coveredmethods="48" elements="201" coveredelements="187" complexity="0" loc="129" ncloc="129" packages="4" files="7" classes="7"/>
    <package name="config">
      <metrics statements="19" coveredstatements="16" conditionals="2" coveredconditionals="2" methods="6" coveredmethods="4"/>
      <file name="db.ts" path="/home/ifms/Documentos/avaliacao/src/config/db.ts">
        <metrics statements="19" coveredstatements="16" conditionals="2" coveredconditionals="2" methods="6" coveredmethods="4"/>
        <line num="1" count="1" type="stmt"/>
        <line num="3" count="1" type="stmt"/>
        <line num="11" count="1" type="stmt"/>
        <line num="12" count="1" type="stmt"/>
        <line num="14" count="1" type="stmt"/>
        <line num="15" count="1" type="stmt"/>
        <line num="17" count="1" type="stmt"/>
        <line num="26" count="1" type="stmt"/>
        <line num="34" count="1" type="stmt"/>
        <line num="43" count="1" type="stmt"/>
        <line num="46" count="0" type="stmt"/>
        <line num="50" count="1" type="stmt"/>
        <line num="51" count="1" type="stmt"/>
        <line num="54" count="18" type="stmt"/>
        <line num="55" count="18" type="cond" truecount="2" falsecount="0"/>
        <line num="56" count="18" type="stmt"/>
        <line num="59" count="1" type="stmt"/>
        <line num="60" count="0" type="stmt"/>
        <line num="61" count="0" type="stmt"/>
      </file>
    </package>
    <package name="models.dao">
      <metrics statements="28" coveredstatements="23" conditionals="4" coveredconditionals="1" methods="10" coveredmethods="9"/>
      <file name="GenericDAO.ts" path="/home/ifms/Documentos/avaliacao/src/models/dao/GenericDAO.ts">
        <metrics statements="28" coveredstatements="23" conditionals="4" coveredconditionals="1" methods="10" coveredmethods="9"/>
        <line num="2" count="1" type="stmt"/>
        <line num="4" count="1" type="stmt"/>
        <line num="9" count="5" type="stmt"/>
        <line num="10" count="5" type="stmt"/>
        <line num="14" count="5" type="stmt"/>
        <line num="15" count="5" type="stmt"/>
        <line num="17" count="22" type="stmt"/>
        <line num="19" count="22" type="stmt"/>
        <line num="23" count="5" type="stmt"/>
        <line num="24" count="5" type="stmt"/>
        <line num="25" count="5" type="cond" truecount="1" falsecount="1"/>
        <line num="29" count="5" type="stmt"/>
        <line num="30" count="5" type="stmt"/>
        <line num="32" count="5" type="stmt"/>
        <line num="33" count="5" type="stmt"/>
        <line num="34" count="5" type="stmt"/>
        <line num="35" count="5" type="stmt"/>
        <line num="36" count="5" type="stmt"/>
        <line num="39" count="5" type="stmt"/>
        <line num="43" count="0" type="stmt"/>
        <line num="44" count="0" type="stmt"/>
        <line num="46" count="0" type="stmt"/>
        <line num="47" count="0" type="stmt"/>
        <line num="49" count="0" type="cond" truecount="0" falsecount="2"/>
        <line num="53" count="10" type="stmt"/>
        <line num="57" count="5" type="stmt"/>
        <line num="58" count="22" type="stmt"/>
        <line num="59" count="5" type="stmt"/>
      </file>
    </package>
    <package name="models.entities">
      <metrics statements="76" coveredstatements="76" conditionals="15" coveredconditionals="15" methods="33" coveredmethods="33"/>
      <file name="Appointment.ts" path="/home/ifms/Documentos/avaliacao/src/models/entities/Appointment.ts">
        <metrics statements="22" coveredstatements="22" conditionals="6" coveredconditionals="6" methods="9" coveredmethods="9"/>
        <line num="1" count="1" type="stmt"/>
        <line num="3" count="1" type="stmt"/>
        <line num="5" count="1" type="stmt"/>
        <line num="6" count="5" type="stmt"/>
        <line num="8" count="5" type="stmt"/>
        <line num="9" count="5" type="stmt"/>
        <line num="12" count="5" type="stmt"/>
        <line num="13" count="5" type="stmt"/>
        <line num="14" count="4" type="stmt"/>
        <line num="15" count="3" type="stmt"/>
        <line num="19" count="2" type="stmt"/>
        <line num="23" count="7" type="cond" truecount="3" falsecount="0"/>
        <line num="24" count="1" type="stmt"/>
        <line num="27" count="6" type="stmt"/>
        <line num="31" count="2" type="stmt"/>
        <line num="35" count="3" type="stmt"/>
        <line num="39" count="2" type="stmt"/>
        <line num="43" count="6" type="cond" truecount="3" falsecount="0"/>
        <line num="44" count="1" type="stmt"/>
        <line num="47" count="5" type="stmt"/>
        <line num="51" count="2" type="stmt"/>
        <line num="55" count="5" type="stmt"/>
      </file>
      <file name="Beneficiary.ts" path="/home/ifms/Documentos/avaliacao/src/models/entities/Beneficiary.ts">
        <metrics statements="24" coveredstatements="24" conditionals="3" coveredconditionals="3" methods="11" coveredmethods="11"/>
        <line num="1" count="1" type="stmt"/>
        <line num="2" count="1" type="stmt"/>
        <line num="4" count="1" type="stmt"/>
        <line num="5" count="10" type="stmt"/>
        <line num="6" count="10" type="stmt"/>
        <line num="7" count="10" type="stmt"/>
        <line num="9" count="10" type="stmt"/>
        <line num="12" count="10" type="stmt"/>
        <line num="13" count="10" type="stmt"/>
        <line num="14" count="10" type="stmt"/>
        <line num="15" count="10" type="stmt"/>
        <line num="16" count="9" type="stmt"/>
        <line num="20" count="2" type="stmt"/>
        <line num="24" count="16" type="stmt"/>
        <line num="28" count="2" type="stmt"/>
        <line num="32" count="16" type="stmt"/>
        <line num="36" count="2" type="stmt"/>
        <line num="40" count="16" type="cond" truecount="3" falsecount="0"/>
        <line num="41" count="1" type="stmt"/>
        <line num="44" count="15" type="stmt"/>
        <line num="48" count="2" type="stmt"/>
        <line num="52" count="7" type="stmt"/>
        <line num="56" count="2" type="stmt"/>
        <line num="60" count="15" type="stmt"/>
      </file>
      <file name="Entity.ts" path="/home/ifms/Documentos/avaliacao/src/models/entities/Entity.ts">
        <metrics statements="3" coveredstatements="3" conditionals="0" coveredconditionals="0" methods="2" coveredmethods="2"/>
        <line num="1" count="1" type="stmt"/>
        <line num="5" count="2" type="stmt"/>
        <line num="9" count="10" type="stmt"/>
      </file>
      <file name="Exam.ts" path="/home/ifms/Documentos/avaliacao/src/models/entities/Exam.ts">
        <metrics statements="27" coveredstatements="27" conditionals="6" coveredconditionals="6" methods="11" coveredmethods="11"/>
        <line num="1" count="1" type="stmt"/>
        <line num="3" count="1" type="stmt"/>
        <line num="5" count="1" type="stmt"/>
        <line num="6" count="5" type="stmt"/>
        <line num="7" count="5" type="stmt"/>
        <line num="8" count="5" type="stmt"/>
        <line num="9" count="5" type="stmt"/>
        <line num="10" count="5" type="stmt"/>
        <line num="13" count="5" type="stmt"/>
        <line num="14" count="5" type="stmt"/>
        <line num="15" count="4" type="stmt"/>
        <line num="16" count="4" type="stmt"/>
        <line num="17" count="3" type="stmt"/>
        <line num="21" count="2" type="stmt"/>
        <line num="25" count="7" type="cond" truecount="3" falsecount="0"/>
        <line num="26" count="1" type="stmt"/>
        <line num="29" count="6" type="stmt"/>
        <line num="33" count="2" type="stmt"/>
        <line num="37" count="6" type="stmt"/>
        <line num="41" count="2" type="stmt"/>
        <line num="45" count="6" type="cond" truecount="3" falsecount="0"/>
        <line num="46" count="1" type="stmt"/>
        <line num="49" count="5" type="stmt"/>
        <line num="53" count="2" type="stmt"/>
        <line num="57" count="5" type="stmt"/>
        <line num="61" count="2" type="stmt"/>
        <line num="65" count="3" type="stmt"/>
      </file>
    </package>
    <package name="utils">
      <metrics statements="6" coveredstatements="6" conditionals="0" coveredconditionals="0" methods="2" coveredmethods="2"/>
      <file name="date_utils.ts" path="/home/ifms/Documentos/avaliacao/src/utils/date_utils.ts">
        <metrics statements="6" coveredstatements="6" conditionals="0" coveredconditionals="0" methods="2" coveredmethods="2"/>
        <line num="1" count="2" type="stmt"/>
        <line num="2" count="13" type="stmt"/>
        <line num="3" count="13" type="stmt"/>
        <line num="6" count="2" type="stmt"/>
        <line num="7" count="11" type="stmt"/>
        <line num="8" count="11" type="stmt"/>
      </file>
    </package>
  </project>
</coverage>
