{"/home/ifms/Documentos/avaliacao/src/config/db.ts": {"path":"/home/ifms/Documentos/avaliacao/src/config/db.ts","statementMap":{"0":{"start":{"line":1,"column":0},"end":{"line":1,"column":26}},"1":{"start":{"line":3,"column":16},"end":{"line":9,"column":2}},"2":{"start":{"line":11,"column":28},"end":{"line":52,"column":null}},"3":{"start":{"line":11,"column":39},"end":{"line":52,"column":null}},"4":{"start":{"line":12,"column":19},"end":{"line":12,"column":42}},"5":{"start":{"line":14,"column":4},"end":{"line":48,"column":null}},"6":{"start":{"line":15,"column":8},"end":{"line":15,"column":36}},"7":{"start":{"line":17,"column":8},"end":{"line":24,"column":13}},"8":{"start":{"line":26,"column":8},"end":{"line":32,"column":13}},"9":{"start":{"line":34,"column":8},"end":{"line":41,"column":13}},"10":{"start":{"line":43,"column":8},"end":{"line":43,"column":37}},"11":{"start":{"line":46,"column":8},"end":{"line":46,"column":39}},"12":{"start":{"line":50,"column":4},"end":{"line":50,"column":67}},"13":{"start":{"line":51,"column":4},"end":{"line":51,"column":21}},"14":{"start":{"line":11,"column":13},"end":{"line":11,"column":28}},"15":{"start":{"line":54,"column":28},"end":{"line":57,"column":null}},"16":{"start":{"line":54,"column":68},"end":{"line":57,"column":null}},"17":{"start":{"line":55,"column":19},"end":{"line":55,"column":91}},"18":{"start":{"line":56,"column":4},"end":{"line":56,"column":18}},"19":{"start":{"line":54,"column":13},"end":{"line":54,"column":28}},"20":{"start":{"line":59,"column":0},"end":{"line":62,"column":3}},"21":{"start":{"line":59,"column":32},"end":{"line":62,"column":2}},"22":{"start":{"line":60,"column":4},"end":{"line":60,"column":24}},"23":{"start":{"line":61,"column":4},"end":{"line":61,"column":40}}},"fnMap":{"0":{"name":"(anonymous_7)","decl":{"start":{"line":11,"column":28},"end":{"line":11,"column":37}},"loc":{"start":{"line":11,"column":39},"end":{"line":52,"column":null}}},"1":{"name":"(anonymous_8)","decl":{"start":{"line":11,"column":39},"end":{"line":11,"column":null}},"loc":{"start":{"line":11,"column":39},"end":{"line":52,"column":1}}},"2":{"name":"(anonymous_9)","decl":{"start":{"line":54,"column":28},"end":{"line":54,"column":35}},"loc":{"start":{"line":54,"column":68},"end":{"line":57,"column":null}}},"3":{"name":"(anonymous_10)","decl":{"start":{"line":54,"column":68},"end":{"line":54,"column":null}},"loc":{"start":{"line":54,"column":68},"end":{"line":57,"column":1}}},"4":{"name":"(anonymous_11)","decl":{"start":{"line":59,"column":21},"end":{"line":59,"column":30}},"loc":{"start":{"line":59,"column":32},"end":{"line":62,"column":2}}},"5":{"name":"(anonymous_12)","decl":{"start":{"line":59,"column":32},"end":{"line":59,"column":null}},"loc":{"start":{"line":59,"column":32},"end":{"line":62,"column":1}}}},"branchMap":{"0":{"loc":{"start":{"line":55,"column":19},"end":{"line":55,"column":91}},"type":"cond-expr","locations":[{"start":{"line":55,"column":28},"end":{"line":55,"column":62}},{"start":{"line":55,"column":65},"end":{"line":55,"column":91}}]}},"s":{"0":1,"1":1,"2":1,"3":1,"4":1,"5":1,"6":1,"7":1,"8":1,"9":1,"10":1,"11":0,"12":1,"13":1,"14":1,"15":1,"16":18,"17":18,"18":18,"19":1,"20":1,"21":0,"22":0,"23":0},"f":{"0":1,"1":1,"2":18,"3":18,"4":0,"5":0},"b":{"0":[5,13]}}
,"/home/ifms/Documentos/avaliacao/src/models/dao/GenericDAO.ts": {"path":"/home/ifms/Documentos/avaliacao/src/models/dao/GenericDAO.ts","statementMap":{"0":{"start":{"line":2,"column":0},"end":{"line":2,"column":47}},"1":{"start":{"line":9,"column":8},"end":{"line":9,"column":30}},"2":{"start":{"line":10,"column":8},"end":{"line":10,"column":52}},"3":{"start":{"line":14,"column":23},"end":{"line":14,"column":52}},"4":{"start":{"line":15,"column":25},"end":{"line":21,"column":10}},"5":{"start":{"line":17,"column":36},"end":{"line":17,"column":61}},"6":{"start":{"line":19,"column":34},"end":{"line":19,"column":49}},"7":{"start":{"line":23,"column":23},"end":{"line":23,"column":59}},"8":{"start":{"line":24,"column":25},"end":{"line":24,"column":43}},"9":{"start":{"line":25,"column":8},"end":{"line":25,"column":85}},"10":{"start":{"line":29,"column":25},"end":{"line":29,"column":75}},"11":{"start":{"line":30,"column":23},"end":{"line":30,"column":51}},"12":{"start":{"line":32,"column":25},"end":{"line":32,"column":31}},"13":{"start":{"line":33,"column":29},"end":{"line":37,"column":10}},"14":{"start":{"line":34,"column":29},"end":{"line":34,"column":47}},"15":{"start":{"line":35,"column":12},"end":{"line":35,"column":41}},"16":{"start":{"line":36,"column":12},"end":{"line":36,"column":28}},"17":{"start":{"line":39,"column":8},"end":{"line":39,"column":23}},"18":{"start":{"line":43,"column":25},"end":{"line":43,"column":80}},"19":{"start":{"line":44,"column":23},"end":{"line":44,"column":51}},"20":{"start":{"line":46,"column":25},"end":{"line":46,"column":31}},"21":{"start":{"line":47,"column":25},"end":{"line":47,"column":43}},"22":{"start":{"line":49,"column":8},"end":{"line":49,"column":77}},"23":{"start":{"line":53,"column":8},"end":{"line":53,"column":50}},"24":{"start":{"line":57,"column":27},"end":{"line":57,"column":54}},"25":{"start":{"line":58,"column":23},"end":{"line":58,"column":84}},"26":{"start":{"line":58,"column":53},"end":{"line":58,"column":83}},"27":{"start":{"line":59,"column":8},"end":{"line":59,"column":22}},"28":{"start":{"line":4,"column":0},"end":{"line":4,"column":13}}},"fnMap":{"0":{"name":"(anonymous_7)","decl":{"start":{"line":8,"column":4},"end":{"line":8,"column":16}},"loc":{"start":{"line":8,"column":49},"end":{"line":11,"column":5}}},"1":{"name":"(anonymous_8)","decl":{"start":{"line":13,"column":10},"end":{"line":13,"column":14}},"loc":{"start":{"line":13,"column":24},"end":{"line":26,"column":null}}},"2":{"name":"(anonymous_10)","decl":{"start":{"line":17,"column":21},"end":{"line":17,"column":22}},"loc":{"start":{"line":17,"column":36},"end":{"line":17,"column":61}}},"3":{"name":"(anonymous_11)","decl":{"start":{"line":19,"column":20},"end":{"line":19,"column":21}},"loc":{"start":{"line":19,"column":34},"end":{"line":19,"column":49}}},"4":{"name":"(anonymous_12)","decl":{"start":{"line":28,"column":10},"end":{"line":28,"column":17}},"loc":{"start":{"line":28,"column":17},"end":{"line":40,"column":null}}},"5":{"name":"(anonymous_14)","decl":{"start":{"line":33,"column":38},"end":{"line":33,"column":39}},"loc":{"start":{"line":33,"column":46},"end":{"line":37,"column":9}}},"6":{"name":"(anonymous_15)","decl":{"start":{"line":42,"column":10},"end":{"line":42,"column":18}},"loc":{"start":{"line":42,"column":29},"end":{"line":50,"column":null}}},"7":{"name":"(anonymous_17)","decl":{"start":{"line":52,"column":12},"end":{"line":52,"column":26}},"loc":{"start":{"line":52,"column":36},"end":{"line":54,"column":5}}},"8":{"name":"(anonymous_18)","decl":{"start":{"line":56,"column":12},"end":{"line":56,"column":28}},"loc":{"start":{"line":56,"column":38},"end":{"line":60,"column":5}}},"9":{"name":"(anonymous_19)","decl":{"start":{"line":58,"column":38},"end":{"line":58,"column":39}},"loc":{"start":{"line":58,"column":53},"end":{"line":58,"column":83}}}},"branchMap":{"0":{"loc":{"start":{"line":25,"column":15},"end":{"line":25,"column":84}},"type":"cond-expr","locations":[{"start":{"line":25,"column":38},"end":{"line":25,"column":77}},{"start":{"line":25,"column":80},"end":{"line":25,"column":84}}]},"1":{"loc":{"start":{"line":49,"column":15},"end":{"line":49,"column":76}},"type":"cond-expr","locations":[{"start":{"line":49,"column":37},"end":{"line":49,"column":69}},{"start":{"line":49,"column":72},"end":{"line":49,"column":76}}]}},"s":{"0":1,"1":5,"2":5,"3":5,"4":5,"5":22,"6":22,"7":5,"8":5,"9":5,"10":5,"11":5,"12":5,"13":5,"14":5,"15":5,"16":5,"17":5,"18":0,"19":0,"20":0,"21":0,"22":0,"23":10,"24":5,"25":5,"26":22,"27":5,"28":1},"f":{"0":5,"1":5,"2":22,"3":22,"4":5,"5":5,"6":0,"7":10,"8":5,"9":22},"b":{"0":[5,0],"1":[0,0]}}
,"/home/ifms/Documentos/avaliacao/src/models/entities/Appointment.ts": {"path":"/home/ifms/Documentos/avaliacao/src/models/entities/Appointment.ts","statementMap":{"0":{"start":{"line":1,"column":0},"end":{"line":1,"column":34}},"1":{"start":{"line":3,"column":0},"end":{"line":3,"column":65}},"2":{"start":{"line":12,"column":8},"end":{"line":12,"column":16}},"3":{"start":{"line":6,"column":12},"end":{"line":6,"column":61}},"4":{"start":{"line":8,"column":12},"end":{"line":8,"column":41}},"5":{"start":{"line":9,"column":12},"end":{"line":9,"column":41}},"6":{"start":{"line":13,"column":8},"end":{"line":13,"column":35}},"7":{"start":{"line":14,"column":8},"end":{"line":14,"column":33}},"8":{"start":{"line":15,"column":8},"end":{"line":15,"column":43}},"9":{"start":{"line":19,"column":8},"end":{"line":19,"column":31}},"10":{"start":{"line":23,"column":8},"end":{"line":25,"column":null}},"11":{"start":{"line":24,"column":12},"end":{"line":24,"column":50}},"12":{"start":{"line":27,"column":8},"end":{"line":27,"column":32}},"13":{"start":{"line":31,"column":8},"end":{"line":31,"column":32}},"14":{"start":{"line":35,"column":8},"end":{"line":35,"column":33}},"15":{"start":{"line":39,"column":8},"end":{"line":39,"column":30}},"16":{"start":{"line":43,"column":8},"end":{"line":45,"column":null}},"17":{"start":{"line":44,"column":12},"end":{"line":44,"column":50}},"18":{"start":{"line":47,"column":8},"end":{"line":47,"column":31}},"19":{"start":{"line":51,"column":8},"end":{"line":51,"column":35}},"20":{"start":{"line":55,"column":8},"end":{"line":55,"column":36}},"21":{"start":{"line":5,"column":0},"end":{"line":5,"column":13}}},"fnMap":{"0":{"name":"(anonymous_0)","decl":{"start":{"line":11,"column":4},"end":{"line":11,"column":16}},"loc":{"start":{"line":11,"column":90},"end":{"line":16,"column":5}}},"1":{"name":"(anonymous_1)","decl":{"start":{"line":18,"column":4},"end":{"line":18,"column":15}},"loc":{"start":{"line":18,"column":24},"end":{"line":20,"column":5}}},"2":{"name":"(anonymous_2)","decl":{"start":{"line":22,"column":4},"end":{"line":22,"column":15}},"loc":{"start":{"line":22,"column":56},"end":{"line":28,"column":5}}},"3":{"name":"(anonymous_3)","decl":{"start":{"line":30,"column":4},"end":{"line":30,"column":15}},"loc":{"start":{"line":30,"column":25},"end":{"line":32,"column":5}}},"4":{"name":"(anonymous_4)","decl":{"start":{"line":34,"column":4},"end":{"line":34,"column":15}},"loc":{"start":{"line":34,"column":51},"end":{"line":36,"column":5}}},"5":{"name":"(anonymous_5)","decl":{"start":{"line":38,"column":4},"end":{"line":38,"column":15}},"loc":{"start":{"line":38,"column":23},"end":{"line":40,"column":5}}},"6":{"name":"(anonymous_6)","decl":{"start":{"line":42,"column":4},"end":{"line":42,"column":15}},"loc":{"start":{"line":42,"column":35},"end":{"line":48,"column":5}}},"7":{"name":"(anonymous_7)","decl":{"start":{"line":50,"column":4},"end":{"line":50,"column":15}},"loc":{"start":{"line":50,"column":28},"end":{"line":52,"column":5}}},"8":{"name":"(anonymous_8)","decl":{"start":{"line":54,"column":4},"end":{"line":54,"column":15}},"loc":{"start":{"line":54,"column":42},"end":{"line":56,"column":5}}}},"branchMap":{"0":{"loc":{"start":{"line":23,"column":8},"end":{"line":25,"column":null}},"type":"if","locations":[{"start":{"line":23,"column":8},"end":{"line":25,"column":null}}]},"1":{"loc":{"start":{"line":23,"column":12},"end":{"line":23,"column":111}},"type":"binary-expr","locations":[{"start":{"line":23,"column":12},"end":{"line":23,"column":31}},{"start":{"line":23,"column":35},"end":{"line":23,"column":111}}]},"2":{"loc":{"start":{"line":43,"column":8},"end":{"line":45,"column":null}},"type":"if","locations":[{"start":{"line":43,"column":8},"end":{"line":45,"column":null}}]},"3":{"loc":{"start":{"line":43,"column":12},"end":{"line":43,"column":64}},"type":"binary-expr","locations":[{"start":{"line":43,"column":12},"end":{"line":43,"column":31}},{"start":{"line":43,"column":35},"end":{"line":43,"column":64}}]}},"s":{"0":1,"1":1,"2":5,"3":5,"4":5,"5":5,"6":5,"7":4,"8":3,"9":2,"10":7,"11":1,"12":6,"13":2,"14":3,"15":2,"16":6,"17":1,"18":5,"19":2,"20":5,"21":1},"f":{"0":5,"1":2,"2":7,"3":2,"4":3,"5":2,"6":6,"7":2,"8":5},"b":{"0":[1],"1":[7,5],"2":[1],"3":[6,4]}}
,"/home/ifms/Documentos/avaliacao/src/models/entities/Beneficiary.ts": {"path":"/home/ifms/Documentos/avaliacao/src/models/entities/Beneficiary.ts","statementMap":{"0":{"start":{"line":1,"column":0},"end":{"line":1,"column":34}},"1":{"start":{"line":2,"column":0},"end":{"line":2,"column":66}},"2":{"start":{"line":12,"column":8},"end":{"line":12,"column":16}},"3":{"start":{"line":5,"column":12},"end":{"line":5,"column":31}},"4":{"start":{"line":6,"column":12},"end":{"line":6,"column":34}},"5":{"start":{"line":7,"column":12},"end":{"line":7,"column":42}},"6":{"start":{"line":9,"column":12},"end":{"line":9,"column":32}},"7":{"start":{"line":13,"column":8},"end":{"line":13,"column":25}},"8":{"start":{"line":14,"column":8},"end":{"line":14,"column":31}},"9":{"start":{"line":15,"column":8},"end":{"line":15,"column":35}},"10":{"start":{"line":16,"column":8},"end":{"line":16,"column":27}},"11":{"start":{"line":20,"column":8},"end":{"line":20,"column":26}},"12":{"start":{"line":24,"column":8},"end":{"line":24,"column":27}},"13":{"start":{"line":28,"column":8},"end":{"line":28,"column":29}},"14":{"start":{"line":32,"column":8},"end":{"line":32,"column":30}},"15":{"start":{"line":36,"column":8},"end":{"line":36,"column":31}},"16":{"start":{"line":40,"column":8},"end":{"line":42,"column":null}},"17":{"start":{"line":41,"column":12},"end":{"line":41,"column":51}},"18":{"start":{"line":44,"column":8},"end":{"line":44,"column":32}},"19":{"start":{"line":48,"column":8},"end":{"line":48,"column":27}},"20":{"start":{"line":52,"column":8},"end":{"line":52,"column":28}},"21":{"start":{"line":56,"column":8},"end":{"line":56,"column":27}},"22":{"start":{"line":60,"column":8},"end":{"line":60,"column":28}},"23":{"start":{"line":4,"column":0},"end":{"line":4,"column":13}}},"fnMap":{"0":{"name":"(anonymous_0)","decl":{"start":{"line":11,"column":4},"end":{"line":11,"column":16}},"loc":{"start":{"line":11,"column":77},"end":{"line":17,"column":5}}},"1":{"name":"(anonymous_1)","decl":{"start":{"line":19,"column":4},"end":{"line":19,"column":15}},"loc":{"start":{"line":19,"column":19},"end":{"line":21,"column":5}}},"2":{"name":"(anonymous_2)","decl":{"start":{"line":23,"column":4},"end":{"line":23,"column":15}},"loc":{"start":{"line":23,"column":33},"end":{"line":25,"column":5}}},"3":{"name":"(anonymous_3)","decl":{"start":{"line":27,"column":4},"end":{"line":27,"column":15}},"loc":{"start":{"line":27,"column":22},"end":{"line":29,"column":5}}},"4":{"name":"(anonymous_4)","decl":{"start":{"line":31,"column":4},"end":{"line":31,"column":15}},"loc":{"start":{"line":31,"column":36},"end":{"line":33,"column":5}}},"5":{"name":"(anonymous_5)","decl":{"start":{"line":35,"column":4},"end":{"line":35,"column":15}},"loc":{"start":{"line":35,"column":24},"end":{"line":37,"column":5}}},"6":{"name":"(anonymous_6)","decl":{"start":{"line":39,"column":4},"end":{"line":39,"column":15}},"loc":{"start":{"line":39,"column":36},"end":{"line":45,"column":5}}},"7":{"name":"(anonymous_7)","decl":{"start":{"line":47,"column":4},"end":{"line":47,"column":15}},"loc":{"start":{"line":47,"column":20},"end":{"line":49,"column":5}}},"8":{"name":"(anonymous_8)","decl":{"start":{"line":51,"column":4},"end":{"line":51,"column":15}},"loc":{"start":{"line":51,"column":46},"end":{"line":53,"column":5}}},"9":{"name":"(anonymous_9)","decl":{"start":{"line":55,"column":4},"end":{"line":55,"column":15}},"loc":{"start":{"line":55,"column":20},"end":{"line":57,"column":5}}},"10":{"name":"(anonymous_10)","decl":{"start":{"line":59,"column":4},"end":{"line":59,"column":15}},"loc":{"start":{"line":59,"column":34},"end":{"line":61,"column":5}}}},"branchMap":{"0":{"loc":{"start":{"line":40,"column":8},"end":{"line":42,"column":null}},"type":"if","locations":[{"start":{"line":40,"column":8},"end":{"line":42,"column":null}}]},"1":{"loc":{"start":{"line":40,"column":12},"end":{"line":40,"column":65}},"type":"binary-expr","locations":[{"start":{"line":40,"column":12},"end":{"line":40,"column":31}},{"start":{"line":40,"column":35},"end":{"line":40,"column":65}}]}},"s":{"0":1,"1":1,"2":10,"3":10,"4":10,"5":10,"6":10,"7":10,"8":10,"9":10,"10":9,"11":2,"12":16,"13":2,"14":16,"15":2,"16":16,"17":1,"18":15,"19":2,"20":7,"21":2,"22":15,"23":1},"f":{"0":10,"1":2,"2":16,"3":2,"4":16,"5":2,"6":16,"7":2,"8":7,"9":2,"10":15},"b":{"0":[1],"1":[16,10]}}
,"/home/ifms/Documentos/avaliacao/src/models/entities/Entity.ts": {"path":"/home/ifms/Documentos/avaliacao/src/models/entities/Entity.ts","statementMap":{"0":{"start":{"line":5,"column":8},"end":{"line":5,"column":24}},"1":{"start":{"line":9,"column":8},"end":{"line":9,"column":25}},"2":{"start":{"line":1,"column":0},"end":{"line":1,"column":22}}},"fnMap":{"0":{"name":"(anonymous_0)","decl":{"start":{"line":4,"column":4},"end":{"line":4,"column":15}},"loc":{"start":{"line":4,"column":17},"end":{"line":6,"column":5}}},"1":{"name":"(anonymous_1)","decl":{"start":{"line":8,"column":4},"end":{"line":8,"column":15}},"loc":{"start":{"line":8,"column":43},"end":{"line":10,"column":5}}}},"branchMap":{},"s":{"0":2,"1":10,"2":1},"f":{"0":2,"1":10},"b":{}}
,"/home/ifms/Documentos/avaliacao/src/models/entities/Exam.ts": {"path":"/home/ifms/Documentos/avaliacao/src/models/entities/Exam.ts","statementMap":{"0":{"start":{"line":1,"column":0},"end":{"line":1,"column":34}},"1":{"start":{"line":3,"column":0},"end":{"line":3,"column":63}},"2":{"start":{"line":13,"column":8},"end":{"line":13,"column":16}},"3":{"start":{"line":6,"column":12},"end":{"line":6,"column":54}},"4":{"start":{"line":7,"column":12},"end":{"line":7,"column":50}},"5":{"start":{"line":8,"column":12},"end":{"line":8,"column":41}},"6":{"start":{"line":9,"column":12},"end":{"line":9,"column":41}},"7":{"start":{"line":10,"column":12},"end":{"line":10,"column":60}},"8":{"start":{"line":14,"column":8},"end":{"line":14,"column":35}},"9":{"start":{"line":15,"column":8},"end":{"line":15,"column":63}},"10":{"start":{"line":16,"column":8},"end":{"line":16,"column":33}},"11":{"start":{"line":17,"column":8},"end":{"line":17,"column":43}},"12":{"start":{"line":21,"column":8},"end":{"line":21,"column":31}},"13":{"start":{"line":25,"column":8},"end":{"line":27,"column":null}},"14":{"start":{"line":26,"column":12},"end":{"line":26,"column":50}},"15":{"start":{"line":29,"column":8},"end":{"line":29,"column":32}},"16":{"start":{"line":33,"column":8},"end":{"line":33,"column":45}},"17":{"start":{"line":37,"column":8},"end":{"line":37,"column":46}},"18":{"start":{"line":41,"column":8},"end":{"line":41,"column":30}},"19":{"start":{"line":45,"column":8},"end":{"line":47,"column":null}},"20":{"start":{"line":46,"column":12},"end":{"line":46,"column":50}},"21":{"start":{"line":49,"column":8},"end":{"line":49,"column":31}},"22":{"start":{"line":53,"column":8},"end":{"line":53,"column":35}},"23":{"start":{"line":57,"column":8},"end":{"line":57,"column":36}},"24":{"start":{"line":61,"column":8},"end":{"line":61,"column":38}},"25":{"start":{"line":65,"column":8},"end":{"line":65,"column":39}},"26":{"start":{"line":5,"column":0},"end":{"line":5,"column":13}}},"fnMap":{"0":{"name":"(anonymous_0)","decl":{"start":{"line":12,"column":4},"end":{"line":12,"column":16}},"loc":{"start":{"line":12,"column":116},"end":{"line":18,"column":5}}},"1":{"name":"(anonymous_1)","decl":{"start":{"line":20,"column":4},"end":{"line":20,"column":15}},"loc":{"start":{"line":20,"column":24},"end":{"line":22,"column":5}}},"2":{"name":"(anonymous_2)","decl":{"start":{"line":24,"column":4},"end":{"line":24,"column":15}},"loc":{"start":{"line":24,"column":49},"end":{"line":30,"column":5}}},"3":{"name":"(anonymous_3)","decl":{"start":{"line":32,"column":4},"end":{"line":32,"column":15}},"loc":{"start":{"line":32,"column":38},"end":{"line":34,"column":5}}},"4":{"name":"(anonymous_4)","decl":{"start":{"line":36,"column":4},"end":{"line":36,"column":15}},"loc":{"start":{"line":36,"column":52},"end":{"line":38,"column":5}}},"5":{"name":"(anonymous_5)","decl":{"start":{"line":40,"column":4},"end":{"line":40,"column":15}},"loc":{"start":{"line":40,"column":23},"end":{"line":42,"column":5}}},"6":{"name":"(anonymous_6)","decl":{"start":{"line":44,"column":4},"end":{"line":44,"column":15}},"loc":{"start":{"line":44,"column":35},"end":{"line":50,"column":5}}},"7":{"name":"(anonymous_7)","decl":{"start":{"line":52,"column":4},"end":{"line":52,"column":15}},"loc":{"start":{"line":52,"column":28},"end":{"line":54,"column":5}}},"8":{"name":"(anonymous_8)","decl":{"start":{"line":56,"column":4},"end":{"line":56,"column":15}},"loc":{"start":{"line":56,"column":42},"end":{"line":58,"column":5}}},"9":{"name":"(anonymous_9)","decl":{"start":{"line":60,"column":4},"end":{"line":60,"column":15}},"loc":{"start":{"line":60,"column":31},"end":{"line":62,"column":5}}},"10":{"name":"(anonymous_10)","decl":{"start":{"line":64,"column":4},"end":{"line":64,"column":15}},"loc":{"start":{"line":64,"column":58},"end":{"line":66,"column":5}}}},"branchMap":{"0":{"loc":{"start":{"line":25,"column":8},"end":{"line":27,"column":null}},"type":"if","locations":[{"start":{"line":25,"column":8},"end":{"line":27,"column":null}}]},"1":{"loc":{"start":{"line":25,"column":12},"end":{"line":25,"column":110}},"type":"binary-expr","locations":[{"start":{"line":25,"column":12},"end":{"line":25,"column":31}},{"start":{"line":25,"column":35},"end":{"line":25,"column":110}}]},"2":{"loc":{"start":{"line":45,"column":8},"end":{"line":47,"column":null}},"type":"if","locations":[{"start":{"line":45,"column":8},"end":{"line":47,"column":null}}]},"3":{"loc":{"start":{"line":45,"column":12},"end":{"line":45,"column":64}},"type":"binary-expr","locations":[{"start":{"line":45,"column":12},"end":{"line":45,"column":31}},{"start":{"line":45,"column":35},"end":{"line":45,"column":64}}]}},"s":{"0":1,"1":1,"2":5,"3":5,"4":5,"5":5,"6":5,"7":5,"8":5,"9":4,"10":4,"11":3,"12":2,"13":7,"14":1,"15":6,"16":2,"17":6,"18":2,"19":6,"20":1,"21":5,"22":2,"23":5,"24":2,"25":3,"26":1},"f":{"0":5,"1":2,"2":7,"3":2,"4":6,"5":2,"6":6,"7":2,"8":5,"9":2,"10":3},"b":{"0":[1],"1":[7,5],"2":[1],"3":[6,4]}}
,"/home/ifms/Documentos/avaliacao/src/utils/date_utils.ts": {"path":"/home/ifms/Documentos/avaliacao/src/utils/date_utils.ts","statementMap":{"0":{"start":{"line":1,"column":38},"end":{"line":4,"column":1}},"1":{"start":{"line":2,"column":18},"end":{"line":2,"column":28}},"2":{"start":{"line":3,"column":4},"end":{"line":3,"column":29}},"3":{"start":{"line":1,"column":13},"end":{"line":1,"column":38}},"4":{"start":{"line":6,"column":37},"end":{"line":9,"column":1}},"5":{"start":{"line":7,"column":16},"end":{"line":7,"column":26}},"6":{"start":{"line":8,"column":4},"end":{"line":8,"column":27}},"7":{"start":{"line":6,"column":13},"end":{"line":6,"column":37}}},"fnMap":{"0":{"name":"(anonymous_0)","decl":{"start":{"line":1,"column":38},"end":{"line":1,"column":39}},"loc":{"start":{"line":1,"column":67},"end":{"line":4,"column":1}}},"1":{"name":"(anonymous_1)","decl":{"start":{"line":6,"column":37},"end":{"line":6,"column":38}},"loc":{"start":{"line":6,"column":65},"end":{"line":9,"column":1}}}},"branchMap":{},"s":{"0":2,"1":13,"2":13,"3":2,"4":2,"5":11,"6":11,"7":2},"f":{"0":13,"1":11},"b":{}}
}
