TN:
SF:src/config/db.ts
FN:11,(anonymous_7)
FN:11,(anonymous_8)
FN:54,(anonymous_9)
FN:54,(anonymous_10)
FN:59,(anonymous_11)
FN:59,(anonymous_12)
FNF:6
FNH:4
FNDA:1,(anonymous_7)
FNDA:1,(anonymous_8)
FNDA:18,(anonymous_9)
FNDA:18,(anonymous_10)
FNDA:0,(anonymous_11)
FNDA:0,(anonymous_12)
DA:1,1
DA:3,1
DA:11,1
DA:12,1
DA:14,1
DA:15,1
DA:17,1
DA:26,1
DA:34,1
DA:43,1
DA:46,0
DA:50,1
DA:51,1
DA:54,18
DA:55,18
DA:56,18
DA:59,1
DA:60,0
DA:61,0
LF:19
LH:16
BRDA:55,0,0,5
BRDA:55,0,1,13
BRF:2
BRH:2
end_of_record
TN:
SF:src/models/dao/GenericDAO.ts
FN:8,(anonymous_7)
FN:13,(anonymous_8)
FN:17,(anonymous_10)
FN:19,(anonymous_11)
FN:28,(anonymous_12)
FN:33,(anonymous_14)
FN:42,(anonymous_15)
FN:52,(anonymous_17)
FN:56,(anonymous_18)
FN:58,(anonymous_19)
FNF:10
FNH:9
FNDA:5,(anonymous_7)
FNDA:5,(anonymous_8)
FNDA:22,(anonymous_10)
FNDA:22,(anonymous_11)
FNDA:5,(anonymous_12)
FNDA:5,(anonymous_14)
FNDA:0,(anonymous_15)
FNDA:10,(anonymous_17)
FNDA:5,(anonymous_18)
FNDA:22,(anonymous_19)
DA:2,1
DA:4,1
DA:9,5
DA:10,5
DA:14,5
DA:15,5
DA:17,22
DA:19,22
DA:23,5
DA:24,5
DA:25,5
DA:29,5
DA:30,5
DA:32,5
DA:33,5
DA:34,5
DA:35,5
DA:36,5
DA:39,5
DA:43,0
DA:44,0
DA:46,0
DA:47,0
DA:49,0
DA:53,10
DA:57,5
DA:58,22
DA:59,5
LF:28
LH:23
BRDA:25,0,0,5
BRDA:25,0,1,0
BRDA:49,1,0,0
BRDA:49,1,1,0
BRF:4
BRH:1
end_of_record
TN:
SF:src/models/entities/Appointment.ts
FN:11,(anonymous_0)
FN:18,(anonymous_1)
FN:22,(anonymous_2)
FN:30,(anonymous_3)
FN:34,(anonymous_4)
FN:38,(anonymous_5)
FN:42,(anonymous_6)
FN:50,(anonymous_7)
FN:54,(anonymous_8)
FNF:9
FNH:9
FNDA:5,(anonymous_0)
FNDA:2,(anonymous_1)
FNDA:7,(anonymous_2)
FNDA:2,(anonymous_3)
FNDA:3,(anonymous_4)
FNDA:2,(anonymous_5)
FNDA:6,(anonymous_6)
FNDA:2,(anonymous_7)
FNDA:5,(anonymous_8)
DA:1,1
DA:3,1
DA:5,1
DA:6,5
DA:8,5
DA:9,5
DA:12,5
DA:13,5
DA:14,4
DA:15,3
DA:19,2
DA:23,7
DA:24,1
DA:27,6
DA:31,2
DA:35,3
DA:39,2
DA:43,6
DA:44,1
DA:47,5
DA:51,2
DA:55,5
LF:22
LH:22
BRDA:23,0,0,1
BRDA:23,1,0,7
BRDA:23,1,1,5
BRDA:43,2,0,1
BRDA:43,3,0,6
BRDA:43,3,1,4
BRF:6
BRH:6
end_of_record
TN:
SF:src/models/entities/Beneficiary.ts
FN:11,(anonymous_0)
FN:19,(anonymous_1)
FN:23,(anonymous_2)
FN:27,(anonymous_3)
FN:31,(anonymous_4)
FN:35,(anonymous_5)
FN:39,(anonymous_6)
FN:47,(anonymous_7)
FN:51,(anonymous_8)
FN:55,(anonymous_9)
FN:59,(anonymous_10)
FNF:11
FNH:11
FNDA:10,(anonymous_0)
FNDA:2,(anonymous_1)
FNDA:16,(anonymous_2)
FNDA:2,(anonymous_3)
FNDA:16,(anonymous_4)
FNDA:2,(anonymous_5)
FNDA:16,(anonymous_6)
FNDA:2,(anonymous_7)
FNDA:7,(anonymous_8)
FNDA:2,(anonymous_9)
FNDA:15,(anonymous_10)
DA:1,1
DA:2,1
DA:4,1
DA:5,10
DA:6,10
DA:7,10
DA:9,10
DA:12,10
DA:13,10
DA:14,10
DA:15,10
DA:16,9
DA:20,2
DA:24,16
DA:28,2
DA:32,16
DA:36,2
DA:40,16
DA:41,1
DA:44,15
DA:48,2
DA:52,7
DA:56,2
DA:60,15
LF:24
LH:24
BRDA:40,0,0,1
BRDA:40,1,0,16
BRDA:40,1,1,10
BRF:3
BRH:3
end_of_record
TN:
SF:src/models/entities/Entity.ts
FN:4,(anonymous_0)
FN:8,(anonymous_1)
FNF:2
FNH:2
FNDA:2,(anonymous_0)
FNDA:10,(anonymous_1)
DA:1,1
DA:5,2
DA:9,10
LF:3
LH:3
BRF:0
BRH:0
end_of_record
TN:
SF:src/models/entities/Exam.ts
FN:12,(anonymous_0)
FN:20,(anonymous_1)
FN:24,(anonymous_2)
FN:32,(anonymous_3)
FN:36,(anonymous_4)
FN:40,(anonymous_5)
FN:44,(anonymous_6)
FN:52,(anonymous_7)
FN:56,(anonymous_8)
FN:60,(anonymous_9)
FN:64,(anonymous_10)
FNF:11
FNH:11
FNDA:5,(anonymous_0)
FNDA:2,(anonymous_1)
FNDA:7,(anonymous_2)
FNDA:2,(anonymous_3)
FNDA:6,(anonymous_4)
FNDA:2,(anonymous_5)
FNDA:6,(anonymous_6)
FNDA:2,(anonymous_7)
FNDA:5,(anonymous_8)
FNDA:2,(anonymous_9)
FNDA:3,(anonymous_10)
DA:1,1
DA:3,1
DA:5,1
DA:6,5
DA:7,5
DA:8,5
DA:9,5
DA:10,5
DA:13,5
DA:14,5
DA:15,4
DA:16,4
DA:17,3
DA:21,2
DA:25,7
DA:26,1
DA:29,6
DA:33,2
DA:37,6
DA:41,2
DA:45,6
DA:46,1
DA:49,5
DA:53,2
DA:57,5
DA:61,2
DA:65,3
LF:27
LH:27
BRDA:25,0,0,1
BRDA:25,1,0,7
BRDA:25,1,1,5
BRDA:45,2,0,1
BRDA:45,3,0,6
BRDA:45,3,1,4
BRF:6
BRH:6
end_of_record
TN:
SF:src/utils/date_utils.ts
FN:1,(anonymous_0)
FN:6,(anonymous_1)
FNF:2
FNH:2
FNDA:13,(anonymous_0)
FNDA:11,(anonymous_1)
DA:1,2
DA:2,13
DA:3,13
DA:6,2
DA:7,11
DA:8,11
LF:6
LH:6
BRF:0
BRH:0
end_of_record
